<?xml version="1.0" encoding="UTF-8"?>
<!-- Generated by org.testng.reporters.JUnitReportReporter -->
<testsuite hostname="wison" failures="0" tests="1" name="test.Doctor_creation_test_2" time="85.351" errors="0" timestamp="2025-06-13T20:28:57 GMT+08:00" skipped="0">
  <testcase classname="test.Doctor_creation_test_2" name="T1" time="85.351"/>
</testsuite> <!-- test.Doctor_creation_test_2 -->
