<?xml version="1.0" encoding="UTF-8"?>
<!-- Generated by org.testng.reporters.JUnitReportReporter -->
<testsuite hostname="wison" failures="0" tests="1" name="test.survey_Creation_Test_4" time="33.768" errors="0" timestamp="2025-06-13T20:28:57 GMT+08:00" skipped="0">
  <testcase classname="test.survey_Creation_Test_4" name="T1" time="33.768"/>
</testsuite> <!-- test.survey_Creation_Test_4 -->
