<?xml version="1.0" encoding="UTF-8"?>
<!-- Generated by org.testng.reporters.JUnitReportReporter -->
<testsuite hostname="wison" failures="0" tests="1" name="test.Admin_login_test" time="11.058" errors="0" timestamp="2025-06-13T20:28:57 GMT+08:00" skipped="0">
  <testcase classname="test.Admin_login_test" name="T1" time="11.058"/>
</testsuite> <!-- test.Admin_login_test -->
